# JRE version: OpenJDK Runtime Environment (8.0_202-b03) (build 1.8.0_202-release-1483-b03)
# Java VM: OpenJDK 64-Bit Server VM (25.202-b03 mixed mode windows-amd64 compressed oops)
Heap:
 PSYoungGen      total 252416K, used 102763K [0x00000000e0000000, 0x00000000f3000000, 0x0000000100000000)
  eden space 226816K, 34% used [0x00000000e0000000,0x00000000e4b5ed00,0x00000000edd80000)
  from space 25600K, 99% used [0x00000000edd80000,0x00000000ef67c018,0x00000000ef680000)
  to   space 41472K, 0% used [0x00000000f0780000,0x00000000f0780000,0x00000000f3000000)
 ParOldGen       total 139776K, used 69712K [0x00000000a0000000, 0x00000000a8880000, 0x00000000e0000000)
  object space 139776K, 49% used [0x00000000a0000000,0x00000000a44141b8,0x00000000a8880000)
 Metaspace       used 81491K, capacity 84768K, committed 84952K, reserved 1122304K
  class space    used 10880K, capacity 11511K, committed 11520K, reserved 1048576K
GC Heap History (10 events):
Event: 6.980 GC heap before
{Heap before GC invocations=12 (full 2):
 PSYoungGen      total 169984K, used 110890K [0x00000000e0000000, 0x00000000ee700000, 0x0000000100000000)
  eden space 156672K, 62% used [0x00000000e0000000,0x00000000e5f4fa50,0x00000000e9900000)
  from space 13312K, 99% used [0x00000000e9900000,0x00000000ea5faee8,0x00000000ea600000)
  to   space 17408K, 0% used [0x00000000ed600000,0x00000000ed600000,0x00000000ee700000)
 ParOldGen       total 93184K, used 22712K [0x00000000a0000000, 0x00000000a5b00000, 0x00000000e0000000)
  object space 93184K, 24% used [0x00000000a0000000,0x00000000a162e308,0x00000000a5b00000)
 Metaspace       used 56908K, capacity 58828K, committed 58968K, reserved 1099776K
  class space    used 7779K, capacity 8213K, committed 8320K, reserved 1048576K
Event: 6.990 GC heap after
Heap after GC invocations=12 (full 2):
 PSYoungGen      total 216064K, used 17399K [0x00000000e0000000, 0x00000000eeb80000, 0x0000000100000000)
  eden space 198656K, 0% used [0x00000000e0000000,0x00000000e0000000,0x00000000ec200000)
  from space 17408K, 99% used [0x00000000ed600000,0x00000000ee6fdf40,0x00000000ee700000)
  to   space 20480K, 0% used [0x00000000ec200000,0x00000000ec200000,0x00000000ed600000)
 ParOldGen       total 93184K, used 24403K [0x00000000a0000000, 0x00000000a5b00000, 0x00000000e0000000)
  object space 93184K, 26% used [0x00000000a0000000,0x00000000a17d4f10,0x00000000a5b00000)
 Metaspace       used 56908K, capacity 58828K, committed 58968K, reserved 1099776K
  class space    used 7779K, capacity 8213K, committed 8320K, reserved 1048576K
}
Event: 6.990 GC heap before
{Heap before GC invocations=13 (full 3):
 PSYoungGen      total 216064K, used 17399K [0x00000000e0000000, 0x00000000eeb80000, 0x0000000100000000)
  eden space 198656K, 0% used [0x00000000e0000000,0x00000000e0000000,0x00000000ec200000)
  from space 17408K, 99% used [0x00000000ed600000,0x00000000ee6fdf40,0x00000000ee700000)
  to   space 20480K, 0% used [0x00000000ec200000,0x00000000ec200000,0x00000000ed600000)
 ParOldGen       total 93184K, used 24403K [0x00000000a0000000, 0x00000000a5b00000, 0x00000000e0000000)
  object space 93184K, 26% used [0x00000000a0000000,0x00000000a17d4f10,0x00000000a5b00000)
 Metaspace       used 56908K, capacity 58828K, committed 58968K, reserved 1099776K
  class space    used 7779K, capacity 8213K, committed 8320K, reserved 1048576K
Event: 7.118 GC heap after
Heap after GC invocations=13 (full 3):
 PSYoungGen      total 216064K, used 0K [0x00000000e0000000, 0x00000000eeb80000, 0x0000000100000000)
  eden space 198656K, 0% used [0x00000000e0000000,0x00000000e0000000,0x00000000ec200000)
  from space 17408K, 0% used [0x00000000ed600000,0x00000000ed600000,0x00000000ee700000)
  to   space 20480K, 0% used [0x00000000ec200000,0x00000000ec200000,0x00000000ed600000)
 ParOldGen       total 139776K, used 33690K [0x00000000a0000000, 0x00000000a8880000, 0x00000000e0000000)
  object space 139776K, 24% used [0x00000000a0000000,0x00000000a20e6970,0x00000000a8880000)
 Metaspace       used 56745K, capacity 58360K, committed 58968K, reserved 1099776K
  class space    used 7729K, capacity 8125K, committed 8320K, reserved 1048576K
}
Event: 15.544 GC heap before
{Heap before GC invocations=14 (full 3):
 PSYoungGen      total 216064K, used 198656K [0x00000000e0000000, 0x00000000eeb80000, 0x0000000100000000)
  eden space 198656K, 100% used [0x00000000e0000000,0x00000000ec200000,0x00000000ec200000)
  from space 17408K, 0% used [0x00000000ed600000,0x00000000ed600000,0x00000000ee700000)
  to   space 20480K, 0% used [0x00000000ec200000,0x00000000ec200000,0x00000000ed600000)
 ParOldGen       total 139776K, used 33690K [0x00000000a0000000, 0x00000000a8880000, 0x00000000e0000000)
  object space 139776K, 24% used [0x00000000a0000000,0x00000000a20e6970,0x00000000a8880000)
 Metaspace       used 63406K, capacity 65302K, committed 65368K, reserved 1105920K
  class space    used 8337K, capacity 8780K, committed 8832K, reserved 1048576K
Event: 15.556 GC heap after
Heap after GC invocations=14 (full 3):
 PSYoungGen      total 219136K, used 15996K [0x00000000e0000000, 0x00000000f0f80000, 0x0000000100000000)
  eden space 198656K, 0% used [0x00000000e0000000,0x00000000e0000000,0x00000000ec200000)
  from space 20480K, 78% used [0x00000000ec200000,0x00000000ed19f330,0x00000000ed600000)
  to   space 21504K, 0% used [0x00000000efa80000,0x00000000efa80000,0x00000000f0f80000)
 ParOldGen       total 139776K, used 33698K [0x00000000a0000000, 0x00000000a8880000, 0x00000000e0000000)
  object space 139776K, 24% used [0x00000000a0000000,0x00000000a20e8970,0x00000000a8880000)
 Metaspace       used 63406K, capacity 65302K, committed 65368K, reserved 1105920K
  class space    used 8337K, capacity 8780K, committed 8832K, reserved 1048576K
}
Event: 1679.368 GC heap before
{Heap before GC invocations=15 (full 3):
 PSYoungGen      total 219136K, used 214652K [0x00000000e0000000, 0x00000000f0f80000, 0x0000000100000000)
  eden space 198656K, 100% used [0x00000000e0000000,0x00000000ec200000,0x00000000ec200000)
  from space 20480K, 78% used [0x00000000ec200000,0x00000000ed19f330,0x00000000ed600000)
  to   space 21504K, 0% used [0x00000000efa80000,0x00000000efa80000,0x00000000f0f80000)
 ParOldGen       total 139776K, used 33698K [0x00000000a0000000, 0x00000000a8880000, 0x00000000e0000000)
  object space 139776K, 24% used [0x00000000a0000000,0x00000000a20e8970,0x00000000a8880000)
 Metaspace       used 71003K, capacity 73156K, committed 73304K, reserved 1112064K
  class space    used 9329K, capacity 9829K, committed 9856K, reserved 1048576K
Event: 1679.385 GC heap after
Heap after GC invocations=15 (full 3):
 PSYoungGen      total 214016K, used 21474K [0x00000000e0000000, 0x00000000f0f80000, 0x0000000100000000)
  eden space 192512K, 0% used [0x00000000e0000000,0x00000000e0000000,0x00000000ebc00000)
  from space 21504K, 99% used [0x00000000efa80000,0x00000000f0f78818,0x00000000f0f80000)
  to   space 25600K, 0% used [0x00000000edd80000,0x00000000edd80000,0x00000000ef680000)
 ParOldGen       total 139776K, used 37471K [0x00000000a0000000, 0x00000000a8880000, 0x00000000e0000000)
  object space 139776K, 26% used [0x00000000a0000000,0x00000000a2497e68,0x00000000a8880000)
 Metaspace       used 71003K, capacity 73156K, committed 73304K, reserved 1112064K
  class space    used 9329K, capacity 9829K, committed 9856K, reserved 1048576K
}
Event: 1680.811 GC heap before
{Heap before GC invocations=16 (full 3):
 PSYoungGen      total 214016K, used 213986K [0x00000000e0000000, 0x00000000f0f80000, 0x0000000100000000)
  eden space 192512K, 100% used [0x00000000e0000000,0x00000000ebc00000,0x00000000ebc00000)
  from space 21504K, 99% used [0x00000000efa80000,0x00000000f0f78818,0x00000000f0f80000)
  to   space 25600K, 0% used [0x00000000edd80000,0x00000000edd80000,0x00000000ef680000)
 ParOldGen       total 139776K, used 37471K [0x00000000a0000000, 0x00000000a8880000, 0x00000000e0000000)
  object space 139776K, 26% used [0x00000000a0000000,0x00000000a2497e68,0x00000000a8880000)
 Metaspace       used 79643K, capacity 82704K, committed 83032K, reserved 1120256K
  class space    used 10645K, capacity 11267K, committed 11392K, reserved 1048576K
Event: 1680.846 GC heap after
Heap after GC invocations=16 (full 3):
 PSYoungGen      total 252416K, used 25584K [0x00000000e0000000, 0x00000000f3000000, 0x0000000100000000)
  eden space 226816K, 0% used [0x00000000e0000000,0x00000000e0000000,0x00000000edd80000)
  from space 25600K, 99% used [0x00000000edd80000,0x00000000ef67c018,0x00000000ef680000)
  to   space 41472K, 0% used [0x00000000f0780000,0x00000000f0780000,0x00000000f3000000)
 ParOldGen       total 139776K, used 69712K [0x00000000a0000000, 0x00000000a8880000, 0x00000000e0000000)
  object space 139776K, 49% used [0x00000000a0000000,0x00000000a44141b8,0x00000000a8880000)
 Metaspace       used 79643K, capacity 82704K, committed 83032K, reserved 1120256K
  class space    used 10645K, capacity 11267K, committed 11392K, reserved 1048576K
}

